Scraping https://nobox.se/portfolio/delegationen-mot-segregation/ for links.
Scraping https://nobox.se/hosting/ for links.
Scraping https://nobox.se/tillganglighetsanpassning-webbplats/ for links.
Scraping https://nobox.se/digital-ideutveckling/ for links.
Scraping https://nobox.se/karriar/spontanansokan/ for links.
Scraping https://nobox.se/support/ for links.
Scraping https://nobox.se/tillganglighetsanpassning-webbplats/ for links.
Scraping https://nobox.se/webbyra-norrkoping/ for links.
Scraping https://nobox.se/portfolio/ for links.
Scraping https://nobox.se/skriva-for-webben/ for links.
Scraping https://nobox.se/intranat-och-lms/ for links.
Scraping https://nobox.se/portfolio/klasspengar/ for links.
Scraping https://nobox.se/hemsida-karlstad/ for links.
Scraping https://nobox.se/webbutveckling/ for links.
Scraping https://nobox.se/tjanster/ for links.
Scraping https://nobox.se/besiktning-av-webbplats/ for links.
Scraping https://nobox.se/webbyra-stockholm/ for links.
Scraping https://nobox.se/webbyra-borlange/ for links.
Scraping https://nobox.se/portfolio/kopparstaden/ for links.
Scraping https://nobox.se/portfolio/vetekatten/ for links.
Scraping https://nobox.se/testsida/ for links.
Scraping https://nobox.se/karriar/tech-lead/ for links.
Scraping https://nobox.se/webbyra-helsingborg/ for links.
Scraping https://nobox.se/portfolio/en-webblosning-i-wordpress-at-nifa/ for links.
Scraping https://nobox.se/nobox-bygger-nationellt-uppfoljningssystem-for-segregation/ for links.
Scraping https://nobox.se/artiklar/ for links.
Scraping https://nobox.se/om-oss/medarbetare/ for links.
Scraping https://nobox.se/webbhotellet-ar-inte-aktivt/ for links.
Scraping https://nobox.se/karriar/teknisk-affarsutvecklare/ for links.
Scraping https://nobox.se/portfolio/life/ for links.
Scraping https://nobox.se/webbyra-jonkoping/ for links.
Scraping https://nobox.se/sokmotoroptimering/ for links.
Scraping https://nobox.se/kontakt/ for links.
Scraping https://nobox.se/ for links.
Scraping https://nobox.se/webbyra-vasteras/ for links.
Scraping https://nobox.se/webbyra-gavle/ for links.
Scraping https://nobox.se/webbyra-sodertalje/ for links.
Scraping https://nobox.se/karriar/ for links.
Scraping https://nobox.se/webbyra-falun/ for links.
Scraping https://nobox.se/webbyra-halmstad/ for links.
Scraping https://nobox.se/webbyra-lund/ for links.
Scraping https://nobox.se/portfolio/ for links.
Scraping https://nobox.se/webbyra-boras/ for links.
Scraping https://nobox.se/webbyra-orebro/ for links.
Scraping https://nobox.se/webbyra-malmo/ for links.
Scraping https://nobox.se/tillganglighet/ for links.
Scraping https://nobox.se/webbyra-sitevision/ for links.
Scraping https://nobox.se/webbdesign-karlstad/ for links.
Scraping https://nobox.se/information-om-mailtjanst/ for links.
Scraping https://nobox.se/locations.kml for links.
Scraping https://nobox.se/artiklar/ for links.
Scraping https://nobox.se/malsparning-med-google-analytics/ for links.
Scraping https://nobox.se/uppdatera-wordpress-guide/ for links.
Scraping https://nobox.se/webbyra-uppsala/ for links.
Scraping https://nobox.se/har-jobbar-vi/ for links.
Scraping https://nobox.se/integritetspolicy/ for links.
Scraping https://nobox.se/tjanster/ for links.
Scraping https://nobox.se/om-oss/ for links.
Scraping https://nobox.se/webbyra-dalarna/ for links.
Scraping https://nobox.se/digital-marknadsforing/ for links.
Scraping https://nobox.se/webbyra-karlstad/ for links.
Scraping https://nobox.se/karriar/backendutvecklare/ for links.
Scraping https://nobox.se/kundvalssystem-till-stockholms-stad/ for links.
Scraping https://nobox.se/lagar-och-regler/ for links.
Scraping https://nobox.se/sitevisionpartners/ for links.
Scraping https://nobox.se/skillnaden-pa-wordpress-och-sitevision/ for links.
Scraping https://nobox.se/begrepp-pa-webben/ for links.
Scraping https://nobox.se/vad-ar-gutenberg-blocks/ for links.
Scraping https://nobox.se/gor-din-hemsida-snabbare-anpassa-dina-bilder/ for links.
Scraping https://nobox.se/7-tips-pa-hur-du-skriver-seo-anpassade-texter/ for links.
Scraping https://nobox.se/webbyra-goteborg/ for links.
Scraping https://nobox.se/karriar/ for links.
Scraping https://nobox.se/3-viktigaste-funktionerna-i-google-analytics/ for links.
Scraping https://nobox.se/projektbeskrivning-sa-byggde-vi-nobox-se/ for links.
Scraping https://nobox.se/google-fonts-kan-strida-mot-gdpr/ for links.
Scraping https://nobox.se/matomo-ett-alternativ-till-google-analytics/ for links.
Scraping https://nobox.se/mapbox-ett-alternativ-till-google-maps/ for links.
Scraping https://nobox.se/3-alternativa-losningar-till-googles-tjanster/ for links.
Scraping https://nobox.se/utvecklingstips-hantering-av-cache-pa-webben/ for links.
Scraping https://nobox.se/laddningstid-wordpress-webbplats-fa-en-snabbare-hemsida/ for links.
Scraping https://nobox.se/integrationer-med-wordpress/ for links.
Scraping https://nobox.se/e-handel-med-woocommerce/ for links.
Scraping https://nobox.se/webbutveckling-med-wordpress/ for links.
Scraping https://nobox.se/serviceavtal/ for links.
Scraping https://nobox.se/karriar/projektledare-med-erfarenhet/ for links.
Scraping https://nobox.se/trygghet/ for links.
Scraping https://nobox.se/karriar/kundansvarig/ for links.
Scraping https://nobox.se/karriar/support-och-service/ for links.
Scraping https://nobox.se/portfolio/varldsarvet-laponia/ for links.
Scraping https://nobox.se/karriar/webbutvecklare/ for links.
Scraping https://nobox.se/portfolio/ny-webb-en-route/ for links.
Scraping https://nobox.se/portfolio/avancerad-kartfunktion-at-karlstads-el-och-stadsnat/ for links.
Scraping https://nobox.se/portfolio/smakloken/ for links.
Scraping https://nobox.se/portfolio/mediekompaniet/ for links.
Scraping https://nobox.se/portfolio/stockholms-stad/ for links.
Scraping https://nobox.se/portfolio/areachica/ for links.
Scraping https://nobox.se/portfolio/lr-revision-redovisning/ for links.
A total of 83 links were found in 97 pages

HTTP 200 for https://nobox.se/app/uploads/2022/05/Tech-Lead.pdf
HTTP 200 for https://www.chartjs.org/
HTTP 200 for https://kopparstaden.se/
HTTP 200 for https://policies.google.com/terms
HTTP 200 for https://policies.google.com/privacy
HTTP 200 for https://www.mapbox.com/
HTTP 200 for https://scb.se/
HTTP 200 for https://www.w3.org/TR/WCAG21/
HTTP 200 for https://www.klasspengar.se/
HTTP 405 for https://www.instagram.com/nobox.se/
HTTP 200 for https://life.se/
HTTP 200 for https://segregationsbarometern.delmos.se/
HTTP 200 for https://sv.wordpress.org/plugins/wordpress-seo/
HTTP 200 for https://vetekatten.se/
HTTP 200 for https://www.delmos.se/aktuellt/pressmeddelanden/delmos-lanserar-nytt-verktyg-for-att-bryta-segregationen/
HTTP 200 for https://www.delmos.se/aktuellt/nyheter/delmos-bygger-system-for-att-folja-upp-segregationens-utveckling/
HTTP 200 for https://nobox.se/portfolio/
HTTP 200 for https://nobox.se/karriar/
HTTP 200 for https://nobox.se/trygghet/
HTTP 200 for https://nobox.se/artiklar/
HTTP 200 for https://nobox.se/digital-ideutveckling/
HTTP 200 for https://nobox.se/webbutveckling/
HTTP 200 for https://nobox.se/portfolio/areachica/
HTTP 200 for https://nobox.se/om-oss/
HTTP 200 for https://nobox.se/tjanster/
HTTP 200 for https://nobox.se/om-oss/medarbetare/
HTTP 200 for https://nobox.se/tillganglighet/
HTTP 200 for https://nobox.se/kontakt/
HTTP 200 for https://nobox.se/karriar/support-och-service/
HTTP 200 for https://nobox.se/portfolio/mediekompaniet/
HTTP 200 for https://nobox.se/portfolio/varldsarvet-laponia/
HTTP 200 for https://nobox.se/portfolio/smakloken/
HTTP 200 for https://nobox.se/portfolio/kopparstaden/
HTTP 200 for https://nobox.se/portfolio/en-webblosning-i-wordpress-at-nifa/
HTTP 200 for https://nobox.se/portfolio/life/
HTTP 200 for https://nobox.se/portfolio/ny-webb-en-route/
HTTP 200 for https://nobox.se/portfolio/stockholms-stad/
HTTP 200 for https://nobox.se/portfolio/klasspengar/
HTTP 200 for https://nobox.se
HTTP 200 for https://nobox.se/portfolio/avancerad-kartfunktion-at-karlstads-el-och-stadsnat/
HTTP 200 for https://nobox.se/sitevisionpartners/
HTTP 200 for https://nobox.se/skillnaden-pa-wordpress-och-sitevision/
HTTP 200 for https://nobox.se/nobox-bygger-nationellt-uppfoljningssystem-for-segregation/
HTTP 200 for https://nobox.se/tillganglighetsanpassning-webbplats/
HTTP 200 for https://nobox.se/kundvalssystem-till-stockholms-stad/
HTTP 200 for https://nobox.se/skriva-for-webben/
HTTP 200 for https://nobox.se/begrepp-pa-webben/
HTTP 200 for https://nobox.se/uppdatera-wordpress-guide/
HTTP 200 for https://nobox.se/hosting/
HTTP 200 for https://nobox.se/har-jobbar-vi/
HTTP 200 for https://nobox.se/integritetspolicy/
HTTP 200 for https://nobox.se/support/
HTTP 200 for https://nobox.se/7-tips-pa-hur-du-skriver-seo-anpassade-texter/
HTTP 200 for https://nobox.se/3-viktigaste-funktionerna-i-google-analytics/
HTTP 200 for https://nobox.se/projektbeskrivning-sa-byggde-vi-nobox-se/
HTTP 200 for https://nobox.se/portfolio/webbplats-at-doowin/
HTTP 200 for https://nobox.se/portfolio/vetekatten/
HTTP 200 for https://nobox.se/besiktning-av-webbplats/
HTTP 200 for https://nobox.se/gor-din-hemsida-snabbare-anpassa-dina-bilder/
HTTP 200 for https://nobox.se/serviceavtal/
HTTP 200 for https://nobox.se/vad-ar-gutenberg-blocks/
HTTP 200 for https://nobox.se/webbutveckling-med-wordpress/
HTTP 200 for https://nobox.se/lagar-och-regler/
HTTP 200 for https://nobox.se/portfolio/lr-revision-redovisning/
HTTP 200 for https://nobox.se/3-alternativa-losningar-till-googles-tjanster/
HTTP 200 for https://nobox.se/e-handel-med-woocommerce/
HTTP 200 for https://nobox.se/integrationer-med-wordpress/
HTTP 200 for https://nobox.se/intranat-och-lms/
HTTP 200 for https://nobox.se/mapbox-ett-alternativ-till-google-maps/
HTTP 200 for https://nobox.se/google-fonts-kan-strida-mot-gdpr/
HTTP 200 for https://nobox.se/matomo-ett-alternativ-till-google-analytics/
HTTP 200 for https://nobox.se/laddningstid-wordpress-webbplats-fa-en-snabbare-hemsida/
HTTP 200 for https://nobox.se/karriar/webbutvecklare/
HTTP 200 for https://nobox.se/karriar/kundansvarig/
HTTP 200 for https://nobox.se/karriar/tech-lead/
HTTP 200 for https://nobox.se/portfolio/delegationen-mot-segregation/
HTTP 200 for https://nobox.se/utvecklingstips-hantering-av-cache-pa-webben/
HTTP 200 for https://nobox.se/malsparning-med-google-analytics/
HTTP 200 for https://nobox.se/webbyra-stockholm/
HTTP 200 for https://nobox.se/webbyra-sitevision/
HTTP 200 for https://nobox.se/karriar/spontanansokan/
HTTP 200 for https://nobox.se/integrationer/
HTTP 408 for https://www.nifa.se/


Errors found:
HTTP 405 for https://www.instagram.com/nobox.se/ (linked from https://nobox.se/webbyra-norrkoping/ with text )
HTTP 408 for https://www.nifa.se/ (linked from https://nobox.se/portfolio/en-webblosning-i-wordpress-at-nifa/ with text nifa.se)

A total of 83 links was checked and 2 produced errors of some sort.

Total execution time: 1m11.1463145s
